JDK-8198237	Excluded: non-Windows platform(s): os_x	[JDK-8198237] [macos] Test java/awt/Frame/ExceptionOnSetExtendedStateTest/ExceptionOnSetExtendedStateTest.java fails
JDK-8211851	Excluded: non-Windows platform(s): aix	[JDK-8211851] (ch) java/nio/channels/AsynchronousSocketChannel/StressLoopback.java times out (aix)
JDK-8226933	Excluded: documentation/test-only change	[JDK-8226933] [TEST_BUG]GTK L&F: There is no swatches or RGB tab in JColorChooser
JDK-8226938	Excluded: documentation/test-only change	[JDK-8226938] [TEST_BUG]GTK L&F: There is no Details button in FileChooser Dialog
JDK-8277240	Excluded: non-Windows platform(s): linux_ubuntu	[JDK-8277240] java/awt/Graphics2D/ScaledTransform/ScaledTransform.java dialog does not get disposed
JDK-8283664	Excluded: documentation/test-only change	[JDK-8283664] Remove jtreg tag manual=yesno for java/awt/print/PrinterJob/PrintTextTest.java
JDK-8286875	Excluded: JVM stability/crash fix	[JDK-8286875] ProgrammableUpcallHandler::on_entry/on_exit access thread fields from native
JDK-8293345	Excluded: non-bug type 'Enhancement'	[JDK-8293345] SunPKCS11 provider checks on PKCS11 Mechanism are problematic
JDK-8294316	Excluded: documentation/test-only change	[JDK-8294316] SA core file support is broken on macosx-x64 starting with macOS 12.x
JDK-8309841	Excluded: non-bug type 'Enhancement'	[JDK-8309841] Jarsigner should print a warning if an entry is removed
JDK-8312570	Excluded: documentation/test-only change	[JDK-8312570] [TESTBUG] Jtreg compiler/loopopts/superword/TestDependencyOffsets.java fails on 512-bit SVE
JDK-8313633	Excluded: documentation/test-only change	[JDK-8313633] [macOS] java/awt/dnd/NextDropActionTest/NextDropActionTest.java fails with java.lang.RuntimeException: wrong next drop action!
JDK-8313905	Excluded: documentation/test-only change	[JDK-8313905] Checked_cast assert in CDS compare_by_loader
JDK-8314752	Excluded: non-bug type 'Enhancement'	[JDK-8314752] Use google test string comparison macros
JDK-8314909	Excluded: documentation/test-only change	[JDK-8314909] tools/jpackage/windows/Win8282351Test.java fails with java.lang.AssertionError: Expected [0]. Actual [1618]:
JDK-8315486	Excluded: documentation/test-only change	[JDK-8315486] vmTestbase/nsk/jdwp/ThreadReference/ForceEarlyReturn/forceEarlyReturn002/forceEarlyReturn002.java timed out
JDK-8316885	Excluded: non-bug type 'Enhancement'	[JDK-8316885] jcmd: Compiler.CodeHeap_Analytics cmd does not inform about missing aggregate
JDK-8317636	Excluded: non-bug type 'Enhancement'	[JDK-8317636] Improve heap walking API tests to verify correctness of field indexes
JDK-8320372	Excluded: documentation/test-only change	[JDK-8320372] test/jdk/sun/security/x509/DNSName/LeadingPeriod.java validity check failed
JDK-8320676	Excluded: documentation/test-only change	[JDK-8320676] Manual printer tests have no Pass/Fail buttons, instructions close set 1
JDK-8320706	Excluded: non-Windows platform(s): linux	[JDK-8320706] RuntimePackageTest.testUsrInstallDir test fails on Linux
JDK-8320916	Excluded: non-Windows platform(s): os_x	[JDK-8320916] jdk/jfr/event/gc/stacktrace/TestParallelMarkSweepAllocationPendingStackTrace.java failed with "OutOfMemoryError: GC overhead limit exceeded"
JDK-8321818	Excluded: documentation/test-only change	[JDK-8321818] vmTestbase/nsk/stress/strace/strace015.java failed with 'Cannot read the array length because "<local4>" is null'
JDK-8325042	Excluded: documentation/test-only change	[JDK-8325042] Remove unused JVMDITools test files
JDK-8325529	Excluded: documentation/test-only change	[JDK-8325529] Remove unused imports from `ModuleGenerator` test file
JDK-8325659	Excluded: non-bug type 'Enhancement'	[JDK-8325659] Normalize Random usage by incubator vector tests
JDK-8325937	Excluded: JVM stability/crash fix	[JDK-8325937] runtime/handshake/HandshakeDirectTest.java causes "monitor end should be strictly below the frame pointer" assertion failure on AArch64
JDK-8326421	Excluded: non-bug type 'Enhancement'	[JDK-8326421] Add jtreg test for large arrayCopy disjoint case.
JDK-8326525	Excluded: documentation/test-only change	[JDK-8326525] com/sun/tools/attach/BasicTests.java does not verify AgentLoadException case
JDK-8327098	Excluded: documentation/test-only change	[JDK-8327098] GTest needs larger combination limit
JDK-8327390	Excluded: non-bug type 'Enhancement'	[JDK-8327390] JitTester: Implement temporary folder functionality
JDK-8327476	Excluded: non-bug type 'Task'	[JDK-8327476] Upgrade JLine to 3.26.1
JDK-8327505	Excluded: documentation/test-only change	[JDK-8327505] Test com/sun/jmx/remote/NotificationMarshalVersions/TestSerializationMismatch.java fails
JDK-8327986	Excluded: documentation/test-only change	[JDK-8327986] ASAN reports use-after-free in DirectivesParserTest.empty_object_vm
JDK-8327994	Excluded: non-bug type 'Enhancement'	[JDK-8327994] Update code gen in CallGeneratorHelper
JDK-8328085	Excluded: JVM stability/crash fix	[JDK-8328085] C2: Use after free in PhaseChaitin::Register_Allocate()
JDK-8329210	Excluded: documentation/test-only change	[JDK-8329210] Delete Redundant Printer Dialog Modality Test
JDK-8330647	Excluded: documentation/test-only change	[JDK-8330647] Two CDS tests fail with -UseCompressedOops and UseSerialGC/UseParallelGC
JDK-8331735	Excluded: JVM stability/crash fix	[JDK-8331735] UpcallLinker::on_exit races with GC when copying frame anchor
JDK-8331959	Excluded: non-bug type 'Enhancement'	[JDK-8331959] Update PKCS#11 Cryptographic Token Interface to v3.1
JDK-8331977	Excluded: documentation/test-only change	[JDK-8331977] Crash: SIGSEGV in dlerror()
JDK-8331993	Excluded: non-bug type 'Enhancement'	[JDK-8331993] Add counting leading/trailing zero tests for Integer
JDK-8332158	Excluded: documentation/test-only change	[JDK-8332158] [XWayland] test/jdk/java/awt/Mouse/EnterExitEvents/ResizingFrameTest.java
JDK-8332494	Excluded: documentation/test-only change	[JDK-8332494] java/util/zip/EntryCount64k.java failing with java.lang.RuntimeException: '\\A\\Z' missing from stderr
JDK-8332917	Excluded: non-bug type 'Enhancement'	[JDK-8332917] failure_handler should execute gdb "info threads" command on linux
JDK-8333116	Excluded: documentation/test-only change	[JDK-8333116] test/jdk/tools/jpackage/share/ServiceTest.java test fails
JDK-8333391	Excluded: documentation/test-only change	[JDK-8333391] Test com/sun/jdi/InterruptHangTest.java failed: Thread was never interrupted during sleep
JDK-8333403	Excluded: non-bug type 'Enhancement'	[JDK-8333403] Write a test to check various components events are triggered properly
JDK-8334305	Excluded: non-bug type 'Enhancement'	[JDK-8334305] Remove all code for  nsk.share.Log verbose mode
JDK-8334371	Excluded: non-bug type 'Enhancement'	[JDK-8334371] [AIX] Beginning with AIX 7.3 TL1 mmap() supports 64K memory pages
JDK-8334777	Excluded: documentation/test-only change	[JDK-8334777] Test javax/management/remote/mandatory/notif/NotifReconnectDeadlockTest.java failed with NullPointerException
JDK-8335288	Excluded: documentation/test-only change	[JDK-8335288] SunPKCS11 initialization will call C_GetMechanismInfo on unsupported mechanisms
JDK-8336012	Excluded: documentation/test-only change	[JDK-8336012] Fix usages of jtreg-reserved properties
JDK-8336498	Excluded: non-Windows platform(s): os_x	[JDK-8336498] [macos] [build]: install-file macro may run into permission denied error
JDK-8336942	Excluded: non-bug type 'Enhancement'	[JDK-8336942] Improve test coverage for class loading elements with annotations of different retentions
JDK-8337222	Excluded: non-Windows platform(s): linux	[JDK-8337222] gc/TestDisableExplicitGC.java fails due to unexpected CodeCache GC
JDK-8337660	Excluded: JVM stability/crash fix	[JDK-8337660] C2: basic blocks with only BoxLock nodes are wrongly treated as empty
JDK-8337886	Excluded: non-Windows platform(s): linux_oracle	[JDK-8337886] java/awt/Frame/MaximizeUndecoratedTest.java fails in OEL due to a slight color difference
JDK-8337951	Excluded: documentation/test-only change	[JDK-8337951] Test sun/security/validator/samedn.sh CertificateNotYetValidException: NotBefore validation
JDK-8338100	Excluded: performance-only change	[JDK-8338100] C2: assert(!n_loop->is_member(get_loop(lca))) failed: control must not be back in the loop
JDK-8338303	Excluded: JVM stability/crash fix	[JDK-8338303] Linux ppc64le with toolchain clang - detection failure in early JVM startup
JDK-8338426	Excluded: documentation/test-only change	[JDK-8338426] Test java/nio/channels/Selector/WakeupNow.java failed
JDK-8338595	Excluded: non-bug type 'Enhancement'	[JDK-8338595] Add more linesize for MIME decoder in macro bench test Base64Decode
JDK-8338668	Excluded: non-Windows platform(s): linux	[JDK-8338668] Test javax/swing/JFileChooser/8080628/bug8080628.java doesn't test for GTK L&F
JDK-8339154	Excluded: non-bug type 'Enhancement'	[JDK-8339154] Cleanups and JUnit conversion of test/jdk/java/util/zip/Available.java
JDK-8339261	Excluded: documentation/test-only change	[JDK-8339261] Logs truncated in test javax/net/ssl/DTLS/DTLSRehandshakeTest.java
JDK-8339542	Excluded: non-Windows platform(s): linux	[JDK-8339542] compiler/codecache/CheckSegmentedCodeCache.java fails
JDK-8340116	Excluded: documentation/test-only change	[JDK-8340116] test/jdk/sun/security/tools/jarsigner/PreserveRawManifestEntryAndDigest.java can fail due to regex
JDK-8340313	Excluded: documentation/test-only change	[JDK-8340313] Crash due to invalid oop in nmethod after C1 patching
JDK-8341135	Excluded: non-Windows platform(s): os_x	[JDK-8341135] Incorrect format string after JDK-8339475
JDK-8341194	Excluded: non-bug type 'Enhancement'	[JDK-8341194] [REDO] Implement C2 VectorizedHashCode on AArch64
JDK-8341316	Excluded: non-Windows platform(s): os_x	[JDK-8341316] [macos] javax/swing/ProgressMonitor/ProgressMonitorEscapeKeyPress.java fails sometimes in macos
JDK-8341412	Excluded: documentation/test-only change	[JDK-8341412] Various test failures after JDK-8334305
JDK-8341424	Excluded: non-bug type 'Enhancement'	[JDK-8341424] GHA: Collect hs_errs from build time failures
JDK-8341715	Excluded: non-bug type 'Enhancement'	[JDK-8341715] PPC64: ObjectMonitor::_owner should be reset unconditionally in nmethod unlocking
JDK-8341820	Excluded: non-Windows platform(s): linux	[JDK-8341820] Check return value of hcreate_r
JDK-8341881	Excluded: documentation/test-only change	[JDK-8341881] [REDO] java/nio/file/attribute/BasicFileAttributeView/CreationTime.java#tmp fails on alinux3
JDK-8342098	Excluded: non-bug type 'Enhancement'	[JDK-8342098] Write a test to compare the images
JDK-8342145	Excluded: non-Windows platform(s): linux	[JDK-8342145] File libCreationTimeHelper.c compile fails on Alpine
JDK-8342270	Excluded: documentation/test-only change	[JDK-8342270] Test sun/security/pkcs11/Provider/RequiredMechCheck.java needs write access to src tree
JDK-8342498	Excluded: non-bug type 'Enhancement'	[JDK-8342498] Add test for Allocation elimination after use as alignment reference by SuperWord
JDK-8342634	Excluded: documentation/test-only change	[JDK-8342634] javax/imageio/plugins/wbmp/WBMPStreamTruncateTest.java creates temp file in src dir
JDK-8342635	Excluded: documentation/test-only change	[JDK-8342635] javax/swing/JFileChooser/FileSystemView/WindowsDefaultIconSizeTest.java creates tmp file in src dir
JDK-8342704	Excluded: documentation/test-only change	[JDK-8342704] GHA: Report truncation is broken after JDK-8341424
JDK-8342811	Excluded: documentation/test-only change	[JDK-8342811] java/net/httpclient/PlainProxyConnectionTest.java failed: Unexpected connection count: 5
JDK-8342858	Excluded: non-Windows platform(s): os_x	[JDK-8342858] Make target mac-jdk-bundle fails on chmod command
JDK-8342988	Excluded: non-bug type 'Enhancement'	[JDK-8342988] GHA: Build JTReg in single step
JDK-8343100	Excluded: non-bug type 'Enhancement'	[JDK-8343100] Consolidate EmptyFolderTest and EmptyFolderPackageTest jpackage tests into single java file
JDK-8343101	Excluded: non-bug type 'Enhancement'	[JDK-8343101] Rework BasicTest.testTemp test cases
JDK-8343128	Excluded: documentation/test-only change	[JDK-8343128] PassFailJFrame.java test result: Error. Bad action for script: build}
JDK-8343129	Excluded: non-Windows platform(s): linux	[JDK-8343129] Disable unstable check of ThreadsListHandle.sanity_vm ThreadList values
JDK-8343149	Excluded: non-Windows platform(s): aix	[JDK-8343149] Cleanup os::print_tos_pc on AIX
JDK-8343178	Excluded: documentation/test-only change	[JDK-8343178] Test BasicTest.java javac compile fails cannot find symbol
JDK-8343205	Excluded: performance-only change	[JDK-8343205] CompileBroker::possibly_add_compiler_threads excessively polls available memory
JDK-8343314	Excluded: non-bug type 'Enhancement'	[JDK-8343314] Move common properties from jpackage jtreg test declarations to TEST.properties file
JDK-8343343	Excluded: JVM stability/crash fix	[JDK-8343343] Misc crash dump improvements on more platforms after JDK-8294160
JDK-8294160	Excluded: non-bug type 'Enhancement'	[JDK-8294160] misc crash dump improvements
JDK-8343396	Excluded: non-bug type 'Enhancement'	[JDK-8343396] Use OperatingSystem, Architecture, and OSVersion in jpackage tests
JDK-8343491	Excluded: documentation/test-only change	[JDK-8343491] javax/management/remote/mandatory/connection/DeadLockTest.java failing with NoSuchObjectException: no such object in table
JDK-8343599	Excluded: JVM stability/crash fix	[JDK-8343599] Kmem limit and max values swapped when printing container information
JDK-8343882	Excluded: documentation/test-only change	[JDK-8343882] BasicAnnoTests doesn't handle multiple annotations at the same position
JDK-8344275	Excluded: documentation/test-only change	[JDK-8344275] tools/jpackage/windows/Win8301247Test.java fails on localized Windows platform
JDK-8344326	Excluded: non-bug type 'Enhancement'	[JDK-8344326] Move jpackage tests from "jdk.jpackage.tests" package to the default package
JDK-8344581	Excluded: documentation/test-only change	[JDK-8344581] [TESTBUG] java/awt/Robot/ScreenCaptureRobotTest.java failing on macOS
JDK-8344589	Excluded: non-bug type 'Enhancement'	[JDK-8344589] Update IANA Language Subtag Registry to Version 2024-11-19
JDK-8345296	Excluded: JVM stability/crash fix	[JDK-8345296] AArch64: VM crashes with SIGILL when prctl is disallowed
JDK-8345370	Excluded: non-bug type 'Enhancement'	[JDK-8345370] Bump update version for OpenJDK: jdk-21.0.7
JDK-8345468	Excluded: non-Windows platform(s): linux	[JDK-8345468] test/jdk/javax/swing/JScrollBar/4865918/bug4865918.java fails in ubuntu22.04
JDK-8345569	Excluded: non-Windows platform(s): os_x	[JDK-8345569] [ubsan] adjustments to filemap.cpp and virtualspace.cpp for macOS aarch64
JDK-8345614	Excluded: non-bug type 'Enhancement'	[JDK-8345614] Improve AnnotationFormatError message for duplicate annotation interfaces
JDK-8345676	Excluded: documentation/test-only change	[JDK-8345676] [ubsan] ProcessImpl_md.c:561:40: runtime error: applying zero offset to null pointer on macOS aarch64
JDK-8345684	Excluded: non-Windows platform(s): linux	[JDK-8345684] OperatingSystemMXBean.getSystemCpuLoad() throws NPE
JDK-8345750	Excluded: documentation/test-only change	[JDK-8345750] Shenandoah: Test TestJcmdHeapDump.java#aggressive intermittent assert(gc_cause() == GCCause::_no_gc) failed: Over-writing cause
JDK-8346055	Excluded: non-Windows platform(s): linux	[JDK-8346055] javax/swing/text/StyledEditorKit/4506788/bug4506788.java fails in ubuntu22.04
JDK-8346108	Excluded: documentation/test-only change	[JDK-8346108] [21u][BACKOUT] 8337994: [REDO] Native memory leak when not recording any events
JDK-8346324	Excluded: documentation/test-only change	[JDK-8346324] javax/swing/JScrollBar/4865918/bug4865918.java fails in CI
JDK-8346587	Excluded: non-bug type 'Enhancement'	[JDK-8346587] Distrust TLS server certificates anchored by Camerfirma Root CAs
JDK-8346671	Excluded: documentation/test-only change	[JDK-8346671] java/nio/file/Files/probeContentType/Basic.java fails on Windows 2025
JDK-8346713	Excluded: documentation/test-only change	[JDK-8346713] [testsuite] NeverActAsServerClassMachine breaks TestPLABAdaptToMinTLABSize.java TestPinnedHumongousFragmentation.java TestPinnedObjectContents.java
JDK-8346828	Excluded: documentation/test-only change	[JDK-8346828] javax/swing/JScrollBar/4865918/bug4865918.java still fails in CI
JDK-8346847	Excluded: non-Windows platform(s): linux	[JDK-8346847] [s390x] minimal build failure
JDK-8346880	Excluded: performance-only change	[JDK-8346880] [aix] java/lang/ProcessHandle/InfoTest.java still fails: "reported cputime less than expected"
JDK-8346881	Excluded: documentation/test-only change	[JDK-8346881] [ubsan] logSelection.cpp:154:24  / logSelectionList.cpp:72:94 : runtime error: applying non-zero offset 1 to null pointer
JDK-8346887	Excluded: JVM stability/crash fix	[JDK-8346887] DrawFocusRect() may cause an assertion failure
JDK-8346972	Excluded: documentation/test-only change	[JDK-8346972] Test java/nio/channels/FileChannel/LoopingTruncate.java fails sometimes with IOException: There is not enough space on the disk
JDK-8347038	Excluded: documentation/test-only change	[JDK-8347038] [JMH] jdk.incubator.vector.SpiltReplicate fails NoClassDefFoundError
JDK-8347129	Excluded: non-Windows platform(s): linux	[JDK-8347129] cpuset cgroups controller is required for no good reason
JDK-8347171	Excluded: documentation/test-only change	[JDK-8347171] (dc) java/nio/channels/DatagramChannel/InterruptibleOrNot.java fails with virtual thread factory
JDK-8347256	Excluded: non-bug type 'Enhancement'	[JDK-8347256] Epsilon: Demote heap size and AlwaysPreTouch warnings to info level
JDK-8347267	Excluded: non-Windows platform(s): os_x	[JDK-8347267] [macOS]: UnixOperatingSystem.c:67:40: runtime error: division by zero
JDK-8347268	Excluded: non-Windows platform(s): os_x	[JDK-8347268] [ubsan] logOutput.cpp:357:21: runtime error: applying non-zero offset 1 to null pointer
JDK-8347740	Excluded: documentation/test-only change	[JDK-8347740] java/io/File/createTempFile/SpecialTempFile.java failing
JDK-8347965	Excluded: non-bug type 'Enhancement'	[JDK-8347965] (tz) Update Timezone Data to 2025a
JDK-8348562	Excluded: JVM stability/crash fix	[JDK-8348562] ZGC: segmentation fault due to missing node type check in barrier elision analysis
JDK-8185862	Excluded: JVM stability/crash fix	[JDK-8185862] AWT Assertion Failure in ::GetDIBits(hBMDC, hBM, 0, 1, 0, gpBitmapInfo, 0) 'awt_Win32GraphicsDevice.cpp', at line 185
JDK-8348675	Excluded: documentation/test-only change	[JDK-8348675] TrayIcon tests fail in Ubuntu 24.10 Wayland
JDK-8349039	Excluded: non-bug type 'Enhancement'	[JDK-8349039] Adjust exception No type named <ThreadType> in database
JDK-8349729	Excluded: documentation/test-only change	[JDK-8349729] [21u] AIX jtreg tests fail to compile with qvisibility=hidden
JDK-8353904	Excluded: meta change (version bump/designator)	[JDK-8353904] [21u] Remove designator DEFAULT_PROMOTED_VERSION_PRE=ea for release 21.0.7
