JDK-6942632	Excluded: non-bug type 'Enhancement'	[JDK-6942632] Hotspot should be able to use more than 64 logical processors on Windows
JDK-8028127	Excluded: documentation/test-only change	[JDK-8028127] Regtest java/security/Security/SynchronizedAccess.java is incorrect
JDK-8195675	Excluded: documentation/test-only change	[JDK-8195675] Call to insertText with single character from custom Input Method ignored
JDK-8207908	Excluded: documentation/test-only change	[JDK-8207908] JMXStatusTest.java fails assertion intermittently
JDK-8225220	Excluded: non-Windows platform(s): linux	[JDK-8225220] When the Tab Policy is checked,the scroll button direction displayed incorrectly.
JDK-8240343	Excluded: documentation/test-only change	[JDK-8240343] JDI stopListening/stoplis001 "FAILED: listening is successfully stopped without starting listening"
JDK-8283214	Excluded: documentation/test-only change	[JDK-8283214] [macos] Screen magnifier does not show the magnified text for JComboBox
JDK-8296972	Excluded: documentation/test-only change	[JDK-8296972] [macos13] java/awt/Frame/MaximizedToIconified/MaximizedToIconified.java: getExtendedState() != 6 as expected.
JDK-8306446	Excluded: documentation/test-only change	[JDK-8306446] java/lang/management/ThreadMXBean/Locks.java transient failures
JDK-8309218	Excluded: documentation/test-only change	[JDK-8309218] java/util/concurrent/locks/Lock/OOMEInAQS.java still times out with ZGC, Generational ZGC, and SerialGC
JDK-8311301	Excluded: JVM stability/crash fix	[JDK-8311301] MethodExitTest may fail with stack buffer overrun
JDK-8311656	Excluded: non-bug type 'Enhancement'	[JDK-8311656] Shenandoah: Unused ShenandoahSATBAndRemarkThreadsClosure::_claim_token
JDK-8312518	Excluded: non-Windows platform(s): os_x	[JDK-8312518] [macos13] setFullScreenWindow() shows black screen on macOS 13 & above
JDK-8313374	Excluded: non-Windows platform(s): linux	[JDK-8313374] --enable-ccache's CCACHE_BASEDIR breaks builds
JDK-8313878	Excluded: non-Windows platform(s): linux	[JDK-8313878] Exclude two compiler/rtm/locking tests on ppc64le
JDK-8315701	Excluded: non-Windows platform(s): os_x	[JDK-8315701] [macos] Regression: KeyEvent has different keycode on different keyboard layouts
JDK-8316893	Excluded: non-bug type 'Enhancement'	[JDK-8316893] Compile without -fno-delete-null-pointer-checks
JDK-8316895	Excluded: documentation/test-only change	[JDK-8316895] SeenThread::print_action_queue called on a null pointer
JDK-8316907	Excluded: JVM stability/crash fix	[JDK-8316907] Fix nonnull-compare warnings
JDK-8317116	Excluded: non-bug type 'Enhancement'	[JDK-8317116] Provide layouts for multiple test UI in PassFailJFrame
JDK-8317575	Excluded: JVM stability/crash fix	[JDK-8317575] AArch64: C2_MacroAssembler::fast_lock uses rscratch1 for cmpxchg result
JDK-8318442	Excluded: non-Windows platform(s): linux	[JDK-8318442] java/net/httpclient/ManyRequests2.java fails intermittently on Linux
JDK-8319640	Excluded: documentation/test-only change	[JDK-8319640] ClassicFormat::parseObject (from DateTimeFormatter) does not conform to the javadoc and may leak DateTimeException
JDK-8319673	Excluded: non-Windows platform(s): linux	[JDK-8319673] Few security tests ignore VM flags
JDK-8319678	Excluded: performance-only change	[JDK-8319678] Several tests from corelibs areas ignore VM flags
JDK-8319970	Excluded: non-bug type 'Enhancement'	[JDK-8319970] AArch64: enable tests compiler/intrinsics/Test(Long|Integer)UnsignedDivMod.java on aarch64
JDK-8320397	Excluded: non-bug type 'Enhancement'	[JDK-8320397] RISC-V: Avoid passing t0 as temp register to MacroAssembler:: cmpxchg_obj_header/cmpxchgptr
JDK-8320586	Excluded: non-bug type 'Task'	[JDK-8320586] update manual test/jdk/TEST.groups
JDK-8320665	Excluded: non-bug type 'Task'	[JDK-8320665] update jdk_core at open/test/jdk/TEST.groups
JDK-8320682	Excluded: documentation/test-only change	[JDK-8320682] [AArch64] C1 compilation fails with "Field too big for insn"
JDK-8321470	Excluded: non-bug type 'Enhancement'	[JDK-8321470] ThreadLocal.nextHashCode can be static final
JDK-8321474	Excluded: non-bug type 'Enhancement'	[JDK-8321474] TestAutoCreateSharedArchiveUpgrade.java should be updated with JDK 21
JDK-8321550	Excluded: non-bug type 'Enhancement'	[JDK-8321550] Update several runtime/cds tests to use vm flags or mark as flagless
JDK-8321616	Excluded: non-bug type 'Enhancement'	[JDK-8321616] Retire binary test vectors in test/jdk/java/util/zip/ZipFile
JDK-8321940	Excluded: non-bug type 'Enhancement'	[JDK-8321940] Improve CDSHeapVerifier in handling of interned strings
JDK-8322166	Excluded: performance-only change	[JDK-8322166] Files.isReadable/isWritable/isExecutable expensive when file does not exist
JDK-8322754	Excluded: JVM stability/crash fix	[JDK-8322754] click JComboBox when dialog about to close causes IllegalComponentStateException
JDK-8322830	Excluded: non-bug type 'Enhancement'	[JDK-8322830] Add test case for ZipFile opening a ZIP with no entries
JDK-8325038	Excluded: documentation/test-only change	[JDK-8325038] runtime/cds/appcds/ProhibitedPackage.java can fail with UseLargePages
JDK-8325399	Excluded: non-bug type 'Enhancement'	[JDK-8325399] Add tests for virtual threads doing Selector operations
JDK-8325506	Excluded: non-bug type 'Enhancement'	[JDK-8325506] Ensure randomness is only read from provided SecureRandom object
JDK-8325525	Excluded: non-bug type 'Enhancement'	[JDK-8325525] Create jtreg test case for JDK-8325203
JDK-8325610	Excluded: non-bug type 'Enhancement'	[JDK-8325610] CTW: Add StressIncrementalInlining to stress options
JDK-8325762	Excluded: non-bug type 'Enhancement'	[JDK-8325762] Use PassFailJFrame.Builder.splitUI() in PrintLatinCJKTest.java
JDK-8325906	Excluded: performance-only change	[JDK-8325906] Problemlist vmTestbase/vm/mlvm/meth/stress/compiler/deoptimize/Test.java#id1 until JDK-8320865 is fixed
JDK-8326100	Excluded: non-bug type 'Enhancement'	[JDK-8326100] DeflaterDictionaryTests should use Deflater.getBytesWritten instead of Deflater.getTotalOut
JDK-8326121	Excluded: documentation/test-only change	[JDK-8326121] vmTestbase/gc/g1/unloading/tests/unloading_keepRef_rootClass_inMemoryCompilation_keep_cl failed with Full gc happened. Test was useless.
JDK-8326611	Excluded: non-bug type 'Enhancement'	[JDK-8326611] Clean up vmTestbase/nsk/stress/stack tests
JDK-8326898	Excluded: non-bug type 'Enhancement'	[JDK-8326898] NSK tests should listen on loopback addresses only
JDK-8328242	Excluded: non-bug type 'Enhancement'	[JDK-8328242] Add a log area to the PassFailJFrame
JDK-8328303	Excluded: documentation/test-only change	[JDK-8328303] 3 JDI tests timed out with UT enabled
JDK-8328402	Excluded: non-bug type 'Enhancement'	[JDK-8328402] Implement pausing functionality for the PassFailJFrame
JDK-8328619	Excluded: documentation/test-only change	[JDK-8328619] sun/management/jmxremote/bootstrap/SSLConfigFilePermissionTest.java failed with BindException: Address already in use
JDK-8328723	Excluded: documentation/test-only change	[JDK-8328723] IP Address error when client enables HTTPS endpoint check on server socket
JDK-8329353	Excluded: documentation/test-only change	[JDK-8329353] ResolvedReferencesNotNullTest.java failed with Incorrect resolved references array, quxString should not be archived
JDK-8329533	Excluded: documentation/test-only change	[JDK-8329533] TestCDSVMCrash fails on libgraal
JDK-8330621	Excluded: non-bug type 'Enhancement'	[JDK-8330621] Make 5 compiler tests use ProcessTools.executeProcess
JDK-8331391	Excluded: performance-only change	[JDK-8331391] Enhance the keytool code by invoking the buildTrustedCerts method for essential options
JDK-8331864	Excluded: non-bug type 'Enhancement'	[JDK-8331864] Update Public Suffix List to 1cbd6e7
JDK-8332112	Excluded: non-bug type 'Enhancement'	[JDK-8332112] Update nsk.share.Log to don't print summary during VM shutdown hook
JDK-8332340	Excluded: non-bug type 'Enhancement'	[JDK-8332340] Add JavacBench as a test case for CDS
JDK-8332461	Excluded: JVM stability/crash fix	[JDK-8332461] ubsan : dependencies.cpp:906:3: runtime error: load of value 4294967295, which is not a valid value for type 'DepType'
JDK-8332777	Excluded: non-bug type 'Enhancement'	[JDK-8332777] Update JCStress test suite
JDK-8332866	Excluded: JVM stability/crash fix	[JDK-8332866] Crash in ImageIO JPEG decoding when MEM_STATS in enabled
JDK-8332901	Excluded: non-Windows platform(s): os_x	[JDK-8332901] Select{Current,New}ItemTest.java for Choice don't open popup on macOS
JDK-8333098	Excluded: non-Windows platform(s): linux	[JDK-8333098] ubsan: bytecodeInfo.cpp:318:59: runtime error: division by zero
JDK-8333108	Excluded: non-bug type 'Enhancement'	[JDK-8333108] Update vmTestbase/nsk/share/DebugeeProcess.java to don't use finalization
JDK-8333144	Excluded: non-Windows platform(s): linux	[JDK-8333144] docker tests do not work when ubsan is configured
JDK-8333248	Excluded: JVM stability/crash fix	[JDK-8333248] VectorGatherMaskFoldingTest.java failed when maximum vector bits is 64
JDK-8333317	Excluded: documentation/test-only change	[JDK-8333317] Test sun/security/pkcs11/sslecc/ClientJSSEServerJSSE.java failed with: Invalid ECDH ServerKeyExchange signature
JDK-8333427	Excluded: documentation/test-only change	[JDK-8333427] langtools/tools/javac/newlines/NewLineTest.java is failing on Japanese Windows
JDK-8333728	Excluded: non-Windows platform(s): linux	[JDK-8333728] ubsan: shenandoahFreeSet.cpp:1347:24: runtime error: division by zero
JDK-8334057	Excluded: documentation/test-only change	[JDK-8334057] JLinkReproducibleTest.java support receive test.tool.vm.opts
JDK-8334405	Excluded: documentation/test-only change	[JDK-8334405] java/nio/channels/Selector/SelectWithConsumer.java#id0 failed in testWakeupDuringSelect
JDK-8334475	Excluded: documentation/test-only change	[JDK-8334475] UnsafeIntrinsicsTest.java#ZGenerationalDebug assert(!assert_on_failure) failed: Has low-order bits set
JDK-8334562	Excluded: documentation/test-only change	[JDK-8334562] Automate com/sun/security/auth/callback/TextCallbackHandler/Default.java test
JDK-8334567	Excluded: non-Windows platform(s): linux	[JDK-8334567] [test] runtime/os/TestTracePageSizes move ppc handling
JDK-8334719	Excluded: JVM stability/crash fix	[JDK-8334719] (se) Deferred close of SelectableChannel may result in a Selector doing the final close before concurrent I/O on channel has completed
JDK-8335449	Excluded: documentation/test-only change	[JDK-8335449] runtime/cds/DeterministicDump.java fails with File content different at byte ...
JDK-8335664	Excluded: documentation/test-only change	[JDK-8335664] Parsing jsr broken: assert(bci>= 0 && bci < c->method()->code_size()) failed: index out of bounds
JDK-8335709	Excluded: documentation/test-only change	[JDK-8335709] C2: assert(!loop->is_member(get_loop(useblock))) failed: must be outside loop
JDK-8335912	Excluded: non-bug type 'Enhancement'	[JDK-8335912] Add an operation mode to the jar command when extracting to not overwriting existing files
JDK-8336240	Excluded: documentation/test-only change	[JDK-8336240] Test com/sun/crypto/provider/Cipher/DES/PerformanceTest.java fails with java.lang.ArithmeticException
JDK-8336257	Excluded: JVM stability/crash fix	[JDK-8336257] Additional tests in jmxremote/startstop to match on PID not app name
JDK-8336315	Excluded: documentation/test-only change	[JDK-8336315] tools/jpackage/windows/WinChildProcessTest.java Failed: Check is calculator process is alive
JDK-8336413	Excluded: non-Windows platform(s): linux	[JDK-8336413] gtk headers : Fix typedef redeclaration of GMainContext and GdkPixbuf
JDK-8336640	Excluded: non-bug type 'Enhancement'	[JDK-8336640] Shenandoah: Parallel worker use in parallel_heap_region_iterate
JDK-8332717	Excluded: non-Windows platform(s): linux	[JDK-8332717] ZGC: Division by zero in heuristics
JDK-8337067	Excluded: documentation/test-only change	[JDK-8337067] Test runtime/classFileParserBug/Bad_NCDFE_Msg.java won't compile
JDK-8337320	Excluded: documentation/test-only change	[JDK-8337320] Update ProblemList.txt with tests known to fail on XWayland
JDK-8337331	Excluded: JVM stability/crash fix	[JDK-8337331] crash: pinned virtual thread will lead to jvm crash when running with the javaagent option
JDK-8337410	Excluded: non-bug type 'Enhancement'	[JDK-8337410] The makefiles should set problemlist and adjust timeout basing on the given VM flags
JDK-8337780	Excluded: non-bug type 'Enhancement'	[JDK-8337780] RISC-V: C2: Change C calling convention for sp to NS
JDK-8337826	Excluded: non-bug type 'Enhancement'	[JDK-8337826] Improve logging in OCSPTimeout and SimpleOCSPResponder to help diagnose JDK-8309754
JDK-8309754	Excluded: documentation/test-only change	[JDK-8309754] java/security/cert/CertPathValidator/OCSP/OCSPTimeout.java failed with "Expected to pass, found 1 soft fail exceptions"
JDK-8337851	Excluded: documentation/test-only change	[JDK-8337851] Some tests have name which confuse jtreg
JDK-8337876	Excluded: non-bug type 'Enhancement'	[JDK-8337876] [IR Framework] Add support for IR tests with @Stable
JDK-8337966	Excluded: non-Windows platform(s): linux	[JDK-8337966] (fs) Files.readAttributes fails with Operation not permitted on older docker releases
JDK-8338058	Excluded: non-bug type 'Enhancement'	[JDK-8338058] map_or_reserve_memory_aligned Windows enhance remap assertion
JDK-8338101	Excluded: non-bug type 'Enhancement'	[JDK-8338101] remove old remap assertion in map_or_reserve_memory_aligned  after JDK-8338058
JDK-8338112	Excluded: documentation/test-only change	[JDK-8338112] Test testlibrary_tests/ir_framework/tests/TestPrivilegedMode.java fails with release build
JDK-8338344	Excluded: documentation/test-only change	[JDK-8338344] Test TestPrivilegedMode.java intermittent fails java.lang.NoClassDefFoundError: jdk/test/lib/Platform
JDK-8338550	Excluded: non-Windows platform(s): linux	[JDK-8338550] Do libubsan1 installation in test container only if requested
JDK-8338748	Excluded: documentation/test-only change	[JDK-8338748] [17u,21u] Test Disconnect.java compile error: cannot find symbol after JDK-8299813
JDK-8299813	Excluded: documentation/test-only change	[JDK-8299813] java/nio/channels/DatagramChannel/Disconnect.java fails with jtreg test timeout due to lost datagram
JDK-8338751	Excluded: documentation/test-only change	[JDK-8338751] ConfigureNotify behavior has changed in KWin 6.2
JDK-8338759	Excluded: non-Windows platform(s): linux_oracle	[JDK-8338759] Add extra diagnostic to java/net/InetAddress/ptr/Lookup.java
JDK-8338924	Excluded: documentation/test-only change	[JDK-8338924] C1: assert(0 <= i && i < _len) failed: illegal index 5 for length 5
JDK-8339080	Excluded: non-bug type 'Enhancement'	[JDK-8339080] Bump update version for OpenJDK: jdk-21.0.6
JDK-8339248	Excluded: non-bug type 'Enhancement'	[JDK-8339248] RISC-V: Remove li64 macro assembler routine and related code
JDK-8339386	Excluded: JVM stability/crash fix	[JDK-8339386] Assertion on AIX - original PC must be in the main code section of the compiled method
JDK-8339416	Excluded: non-bug type 'Enhancement'	[JDK-8339416] [s390x] Provide implementation for resolve_global_jobject
JDK-8339487	Excluded: documentation/test-only change	[JDK-8339487] ProcessHandleImpl os_getChildren sysctl call - retry in case of ENOMEM and enhance exception message
JDK-8339548	Excluded: non-Windows platform(s): linux	[JDK-8339548] GHA: RISC-V: Use Debian snapshot archive for bootstrap
JDK-8337664	Excluded: non-bug type 'Enhancement'	[JDK-8337664] Distrust TLS server certificates issued after Oct 2024 and anchored by Entrust Root CAs
JDK-8339637	Excluded: non-bug type 'Enhancement'	[JDK-8339637] (tz) Update Timezone Data to 2024b
JDK-8339644	Excluded: documentation/test-only change	[JDK-8339644] Improve parsing of Day/Month in tzdata rules
JDK-8339648	Excluded: non-bug type 'Enhancement'	[JDK-8339648] ZGC: Division by zero in rule_major_allocation_rate
JDK-8339725	Excluded: JVM stability/crash fix	[JDK-8339725] Concurrent GC crashed due to GetMethodDeclaringClass
JDK-8339731	Excluded: documentation/test-only change	[JDK-8339731] java.desktop/share/classes/javax/swing/text/html/default.css typo in margin settings
JDK-8339787	Excluded: non-bug type 'Enhancement'	[JDK-8339787] Add some additional diagnostic output to java/net/ipv6tests/UdpTest.java
JDK-8339892	Excluded: documentation/test-only change	[JDK-8339892] Several security shell tests don't set TESTJAVAOPTS
JDK-8340109	Excluded: performance-only change	[JDK-8340109] Ubsan: ciEnv.cpp:1660:65: runtime error: member call on null pointer of type 'struct CompileTask'
JDK-8340210	Excluded: non-bug type 'Enhancement'	[JDK-8340210] Add positionTestUI() to PassFailJFrame.Builder
JDK-8340214	Excluded: JVM stability/crash fix	[JDK-8340214] C2 compilation asserts with "no node with a side effect" in PhaseIdealLoop::try_sink_out_of_loop
JDK-8340230	Excluded: performance-only change	[JDK-8340230] Tests crash: assert(is_in_encoding_range || k->is_interface() || k->is_abstract()) failed: sanity
JDK-8340306	Excluded: non-bug type 'Enhancement'	[JDK-8340306] Add border around instructions in PassFailJFrame
JDK-8340308	Excluded: non-bug type 'Enhancement'	[JDK-8340308] PassFailJFrame: Make rows default to number of lines in instructions
JDK-8340418	Excluded: non-bug type 'Enhancement'	[JDK-8340418] GHA: MacOS AArch64 bundles can be removed prematurely
JDK-8340461	Excluded: documentation/test-only change	[JDK-8340461] Amend description for logArea
JDK-8340590	Excluded: non-bug type 'Enhancement'	[JDK-8340590] RISC-V: C2: Small improvement to vector gather load and scatter store
JDK-8340632	Excluded: documentation/test-only change	[JDK-8340632] ProblemList java/nio/channels/DatagramChannel/ for Macos
JDK-8340684	Excluded: non-bug type 'Enhancement'	[JDK-8340684] Reading from an input stream backed by a closed ZipFile has no test coverage
JDK-8340799	Excluded: non-bug type 'Enhancement'	[JDK-8340799] Add border inside instruction frame in PassFailJFrame
JDK-8340804	Excluded: documentation/test-only change	[JDK-8340804] doc/building.md update Xcode instructions to note that full install is required
JDK-8340812	Excluded: documentation/test-only change	[JDK-8340812] LambdaForm customization via MethodHandle::updateForm is not thread safe
JDK-8340815	Excluded: non-bug type 'Enhancement'	[JDK-8340815] Add SECURITY.md file
JDK-8341024	Excluded: documentation/test-only change	[JDK-8341024] [test] build/AbsPathsInImage.java fails with OOM when using ubsan-enabled binaries
JDK-8341146	Excluded: non-bug type 'Enhancement'	[JDK-8341146] RISC-V: Unnecessary fences used for load-acquire in template interpreter
JDK-8341235	Excluded: non-bug type 'Enhancement'	[JDK-8341235] Improve default instruction frame title in PassFailJFrame
JDK-8341261	Excluded: non-bug type 'Enhancement'	[JDK-8341261] Tests assume UnlockExperimentalVMOptions is disabled by default
JDK-8341562	Excluded: non-bug type 'Enhancement'	[JDK-8341562] RISC-V: Generate comments in -XX:+PrintInterpreter to link to source code
JDK-8341688	Excluded: non-bug type 'Enhancement'	[JDK-8341688] Aarch64: Generate comments in -XX:+PrintInterpreter to link to source code
JDK-8341722	Excluded: non-Windows platform(s): linux	[JDK-8341722] Fix some warnings as errors when building on Linux with toolchain clang
JDK-8341806	Excluded: documentation/test-only change	[JDK-8341806] Gcc version detection failure on Alinux3
JDK-8341927	Excluded: non-bug type 'Enhancement'	[JDK-8341927] Replace hardcoded security providers with new test.provider.name system property
JDK-8341997	Excluded: documentation/test-only change	[JDK-8341997] Tests create files in src tree instead of scratch dir
JDK-8342014	Excluded: performance-only change	[JDK-8342014] RISC-V: ZStoreBarrierStubC2 clobbers rflags
JDK-8342409	Excluded: non-Windows platform(s): linux	[JDK-8342409] [s390x] C1 unwind_handler fails to unlock synchronized methods with LM_MONITOR
JDK-8342496	Excluded: JVM stability/crash fix	[JDK-8342496] C2/Shenandoah: SEGV in compiled code when running jcstress
JDK-8342607	Excluded: non-bug type 'Enhancement'	[JDK-8342607] Enhance register printing on x86_64 platforms
JDK-8342701	Excluded: JVM stability/crash fix	[JDK-8342701] [PPC64] TestOSRLotsOfLocals.java crashes
JDK-8342765	Excluded: non-bug type 'Enhancement'	[JDK-8342765] [21u] RTM tests assume UnlockExperimentalVMOptions is disabled by default
JDK-8342823	Excluded: non-Windows platform(s): linux	[JDK-8342823] Ubsan: ciEnv.cpp:1614:65: runtime error: member call on null pointer of type 'struct CompileTask'
JDK-8342962	Excluded: JVM stability/crash fix	[JDK-8342962] [s390x] TestOSRLotsOfLocals.java crashes
JDK-8343285	Excluded: non-Windows platform(s): os_x	[JDK-8343285] java.lang.Process is unresponsive and CPU usage spikes to 100%
JDK-8343506	Excluded: non-Windows platform(s): linux	[JDK-8343506] [s390x] multiple test failures with ubsan
JDK-8343848	Excluded: documentation/test-only change	[JDK-8343848] Fix typo of property name in TestOAEPPadding after 8341927
JDK-8343877	Excluded: documentation/test-only change	[JDK-8343877] Test AsyncClose.java intermittent fails - Socket.getInputStream().read() wasn't preempted
JDK-8343884	Excluded: non-Windows platform(s): linux	[JDK-8343884] [s390x]  Disallow OptoScheduling
JDK-8343923	Excluded: non-bug type 'Enhancement'	[JDK-8343923] GHA: Switch to Xcode 15 on MacOS AArch64 runners
JDK-8344164	Excluded: documentation/test-only change	[JDK-8344164] [s390x] ProblemList hotspot/jtreg/runtime/NMT/VirtualAllocCommitMerge.java
JDK-8344628	Excluded: documentation/test-only change	[JDK-8344628] Test TestEnableJVMCIProduct.java run with virtual thread intermittent fails
JDK-8345055	Excluded: non-Windows platform(s): linux, aix	[JDK-8345055] [21u] ProblemList failing rtm tests on ppc platforms
JDK-8347010	Excluded: meta change (version bump/designator)	[JDK-8347010] [21u] Remove designator DEFAULT_PROMOTED_VERSION_PRE=ea for release 21.0.6
JDK-8198237	Excluded: non-Windows platform(s): os_x	[JDK-8198237] [macos] Test java/awt/Frame/ExceptionOnSetExtendedStateTest/ExceptionOnSetExtendedStateTest.java fails
JDK-8211851	Excluded: non-Windows platform(s): aix	[JDK-8211851] (ch) java/nio/channels/AsynchronousSocketChannel/StressLoopback.java times out (aix)
JDK-8226933	Excluded: documentation/test-only change	[JDK-8226933] [TEST_BUG]GTK L&F: There is no swatches or RGB tab in JColorChooser
JDK-8226938	Excluded: documentation/test-only change	[JDK-8226938] [TEST_BUG]GTK L&F: There is no Details button in FileChooser Dialog
JDK-8277240	Excluded: non-Windows platform(s): linux_ubuntu	[JDK-8277240] java/awt/Graphics2D/ScaledTransform/ScaledTransform.java dialog does not get disposed
JDK-8283664	Excluded: documentation/test-only change	[JDK-8283664] Remove jtreg tag manual=yesno for java/awt/print/PrinterJob/PrintTextTest.java
JDK-8286875	Excluded: JVM stability/crash fix	[JDK-8286875] ProgrammableUpcallHandler::on_entry/on_exit access thread fields from native
JDK-8293345	Excluded: non-bug type 'Enhancement'	[JDK-8293345] SunPKCS11 provider checks on PKCS11 Mechanism are problematic
JDK-8294316	Excluded: documentation/test-only change	[JDK-8294316] SA core file support is broken on macosx-x64 starting with macOS 12.x
JDK-8309841	Excluded: non-bug type 'Enhancement'	[JDK-8309841] Jarsigner should print a warning if an entry is removed
JDK-8312570	Excluded: documentation/test-only change	[JDK-8312570] [TESTBUG] Jtreg compiler/loopopts/superword/TestDependencyOffsets.java fails on 512-bit SVE
JDK-8313633	Excluded: documentation/test-only change	[JDK-8313633] [macOS] java/awt/dnd/NextDropActionTest/NextDropActionTest.java fails with java.lang.RuntimeException: wrong next drop action!
JDK-8313905	Excluded: documentation/test-only change	[JDK-8313905] Checked_cast assert in CDS compare_by_loader
JDK-8314752	Excluded: non-bug type 'Enhancement'	[JDK-8314752] Use google test string comparison macros
JDK-8314909	Excluded: documentation/test-only change	[JDK-8314909] tools/jpackage/windows/Win8282351Test.java fails with java.lang.AssertionError: Expected [0]. Actual [1618]:
JDK-8315486	Excluded: documentation/test-only change	[JDK-8315486] vmTestbase/nsk/jdwp/ThreadReference/ForceEarlyReturn/forceEarlyReturn002/forceEarlyReturn002.java timed out
JDK-8316885	Excluded: non-bug type 'Enhancement'	[JDK-8316885] jcmd: Compiler.CodeHeap_Analytics cmd does not inform about missing aggregate
JDK-8317636	Excluded: non-bug type 'Enhancement'	[JDK-8317636] Improve heap walking API tests to verify correctness of field indexes
JDK-8320372	Excluded: documentation/test-only change	[JDK-8320372] test/jdk/sun/security/x509/DNSName/LeadingPeriod.java validity check failed
JDK-8320676	Excluded: documentation/test-only change	[JDK-8320676] Manual printer tests have no Pass/Fail buttons, instructions close set 1
JDK-8320706	Excluded: non-Windows platform(s): linux	[JDK-8320706] RuntimePackageTest.testUsrInstallDir test fails on Linux
JDK-8320916	Excluded: non-Windows platform(s): os_x	[JDK-8320916] jdk/jfr/event/gc/stacktrace/TestParallelMarkSweepAllocationPendingStackTrace.java failed with "OutOfMemoryError: GC overhead limit exceeded"
JDK-8321818	Excluded: documentation/test-only change	[JDK-8321818] vmTestbase/nsk/stress/strace/strace015.java failed with 'Cannot read the array length because "<local4>" is null'
JDK-8325042	Excluded: documentation/test-only change	[JDK-8325042] Remove unused JVMDITools test files
JDK-8325529	Excluded: documentation/test-only change	[JDK-8325529] Remove unused imports from `ModuleGenerator` test file
JDK-8325659	Excluded: non-bug type 'Enhancement'	[JDK-8325659] Normalize Random usage by incubator vector tests
JDK-8325937	Excluded: JVM stability/crash fix	[JDK-8325937] runtime/handshake/HandshakeDirectTest.java causes "monitor end should be strictly below the frame pointer" assertion failure on AArch64
JDK-8326421	Excluded: non-bug type 'Enhancement'	[JDK-8326421] Add jtreg test for large arrayCopy disjoint case.
JDK-8326525	Excluded: documentation/test-only change	[JDK-8326525] com/sun/tools/attach/BasicTests.java does not verify AgentLoadException case
JDK-8327098	Excluded: documentation/test-only change	[JDK-8327098] GTest needs larger combination limit
JDK-8327390	Excluded: non-bug type 'Enhancement'	[JDK-8327390] JitTester: Implement temporary folder functionality
JDK-8327476	Excluded: non-bug type 'Task'	[JDK-8327476] Upgrade JLine to 3.26.1
JDK-8327505	Excluded: documentation/test-only change	[JDK-8327505] Test com/sun/jmx/remote/NotificationMarshalVersions/TestSerializationMismatch.java fails
JDK-8327986	Excluded: documentation/test-only change	[JDK-8327986] ASAN reports use-after-free in DirectivesParserTest.empty_object_vm
JDK-8327994	Excluded: non-bug type 'Enhancement'	[JDK-8327994] Update code gen in CallGeneratorHelper
JDK-8328085	Excluded: JVM stability/crash fix	[JDK-8328085] C2: Use after free in PhaseChaitin::Register_Allocate()
JDK-8329210	Excluded: documentation/test-only change	[JDK-8329210] Delete Redundant Printer Dialog Modality Test
JDK-8330647	Excluded: documentation/test-only change	[JDK-8330647] Two CDS tests fail with -UseCompressedOops and UseSerialGC/UseParallelGC
JDK-8331735	Excluded: JVM stability/crash fix	[JDK-8331735] UpcallLinker::on_exit races with GC when copying frame anchor
JDK-8331959	Excluded: non-bug type 'Enhancement'	[JDK-8331959] Update PKCS#11 Cryptographic Token Interface to v3.1
JDK-8331977	Excluded: documentation/test-only change	[JDK-8331977] Crash: SIGSEGV in dlerror()
JDK-8331993	Excluded: non-bug type 'Enhancement'	[JDK-8331993] Add counting leading/trailing zero tests for Integer
JDK-8332158	Excluded: documentation/test-only change	[JDK-8332158] [XWayland] test/jdk/java/awt/Mouse/EnterExitEvents/ResizingFrameTest.java
JDK-8332494	Excluded: documentation/test-only change	[JDK-8332494] java/util/zip/EntryCount64k.java failing with java.lang.RuntimeException: '\\A\\Z' missing from stderr
JDK-8332917	Excluded: non-bug type 'Enhancement'	[JDK-8332917] failure_handler should execute gdb "info threads" command on linux
JDK-8333116	Excluded: documentation/test-only change	[JDK-8333116] test/jdk/tools/jpackage/share/ServiceTest.java test fails
JDK-8333391	Excluded: documentation/test-only change	[JDK-8333391] Test com/sun/jdi/InterruptHangTest.java failed: Thread was never interrupted during sleep
JDK-8333403	Excluded: non-bug type 'Enhancement'	[JDK-8333403] Write a test to check various components events are triggered properly
JDK-8334305	Excluded: non-bug type 'Enhancement'	[JDK-8334305] Remove all code for  nsk.share.Log verbose mode
JDK-8334371	Excluded: non-bug type 'Enhancement'	[JDK-8334371] [AIX] Beginning with AIX 7.3 TL1 mmap() supports 64K memory pages
JDK-8334777	Excluded: documentation/test-only change	[JDK-8334777] Test javax/management/remote/mandatory/notif/NotifReconnectDeadlockTest.java failed with NullPointerException
JDK-8335288	Excluded: documentation/test-only change	[JDK-8335288] SunPKCS11 initialization will call C_GetMechanismInfo on unsupported mechanisms
JDK-8336012	Excluded: documentation/test-only change	[JDK-8336012] Fix usages of jtreg-reserved properties
JDK-8336498	Excluded: non-Windows platform(s): os_x	[JDK-8336498] [macos] [build]: install-file macro may run into permission denied error
JDK-8336942	Excluded: non-bug type 'Enhancement'	[JDK-8336942] Improve test coverage for class loading elements with annotations of different retentions
JDK-8337222	Excluded: non-Windows platform(s): linux	[JDK-8337222] gc/TestDisableExplicitGC.java fails due to unexpected CodeCache GC
JDK-8337660	Excluded: JVM stability/crash fix	[JDK-8337660] C2: basic blocks with only BoxLock nodes are wrongly treated as empty
JDK-8337886	Excluded: non-Windows platform(s): linux_oracle	[JDK-8337886] java/awt/Frame/MaximizeUndecoratedTest.java fails in OEL due to a slight color difference
JDK-8337951	Excluded: documentation/test-only change	[JDK-8337951] Test sun/security/validator/samedn.sh CertificateNotYetValidException: NotBefore validation
JDK-8338100	Excluded: performance-only change	[JDK-8338100] C2: assert(!n_loop->is_member(get_loop(lca))) failed: control must not be back in the loop
JDK-8338303	Excluded: JVM stability/crash fix	[JDK-8338303] Linux ppc64le with toolchain clang - detection failure in early JVM startup
JDK-8338426	Excluded: documentation/test-only change	[JDK-8338426] Test java/nio/channels/Selector/WakeupNow.java failed
JDK-8338595	Excluded: non-bug type 'Enhancement'	[JDK-8338595] Add more linesize for MIME decoder in macro bench test Base64Decode
JDK-8338668	Excluded: non-Windows platform(s): linux	[JDK-8338668] Test javax/swing/JFileChooser/8080628/bug8080628.java doesn't test for GTK L&F
JDK-8339154	Excluded: non-bug type 'Enhancement'	[JDK-8339154] Cleanups and JUnit conversion of test/jdk/java/util/zip/Available.java
JDK-8339261	Excluded: documentation/test-only change	[JDK-8339261] Logs truncated in test javax/net/ssl/DTLS/DTLSRehandshakeTest.java
JDK-8339542	Excluded: non-Windows platform(s): linux	[JDK-8339542] compiler/codecache/CheckSegmentedCodeCache.java fails
JDK-8340116	Excluded: documentation/test-only change	[JDK-8340116] test/jdk/sun/security/tools/jarsigner/PreserveRawManifestEntryAndDigest.java can fail due to regex
JDK-8340313	Excluded: documentation/test-only change	[JDK-8340313] Crash due to invalid oop in nmethod after C1 patching
JDK-8341135	Excluded: non-Windows platform(s): os_x	[JDK-8341135] Incorrect format string after JDK-8339475
JDK-8341194	Excluded: non-bug type 'Enhancement'	[JDK-8341194] [REDO] Implement C2 VectorizedHashCode on AArch64
JDK-8341316	Excluded: non-Windows platform(s): os_x	[JDK-8341316] [macos] javax/swing/ProgressMonitor/ProgressMonitorEscapeKeyPress.java fails sometimes in macos
JDK-8341412	Excluded: documentation/test-only change	[JDK-8341412] Various test failures after JDK-8334305
JDK-8341424	Excluded: non-bug type 'Enhancement'	[JDK-8341424] GHA: Collect hs_errs from build time failures
JDK-8341715	Excluded: non-bug type 'Enhancement'	[JDK-8341715] PPC64: ObjectMonitor::_owner should be reset unconditionally in nmethod unlocking
JDK-8341820	Excluded: non-Windows platform(s): linux	[JDK-8341820] Check return value of hcreate_r
JDK-8341881	Excluded: documentation/test-only change	[JDK-8341881] [REDO] java/nio/file/attribute/BasicFileAttributeView/CreationTime.java#tmp fails on alinux3
JDK-8342098	Excluded: non-bug type 'Enhancement'	[JDK-8342098] Write a test to compare the images
JDK-8342145	Excluded: non-Windows platform(s): linux	[JDK-8342145] File libCreationTimeHelper.c compile fails on Alpine
JDK-8342270	Excluded: documentation/test-only change	[JDK-8342270] Test sun/security/pkcs11/Provider/RequiredMechCheck.java needs write access to src tree
JDK-8342498	Excluded: non-bug type 'Enhancement'	[JDK-8342498] Add test for Allocation elimination after use as alignment reference by SuperWord
JDK-8342634	Excluded: documentation/test-only change	[JDK-8342634] javax/imageio/plugins/wbmp/WBMPStreamTruncateTest.java creates temp file in src dir
JDK-8342635	Excluded: documentation/test-only change	[JDK-8342635] javax/swing/JFileChooser/FileSystemView/WindowsDefaultIconSizeTest.java creates tmp file in src dir
JDK-8342704	Excluded: documentation/test-only change	[JDK-8342704] GHA: Report truncation is broken after JDK-8341424
JDK-8342811	Excluded: documentation/test-only change	[JDK-8342811] java/net/httpclient/PlainProxyConnectionTest.java failed: Unexpected connection count: 5
JDK-8342858	Excluded: non-Windows platform(s): os_x	[JDK-8342858] Make target mac-jdk-bundle fails on chmod command
JDK-8342988	Excluded: non-bug type 'Enhancement'	[JDK-8342988] GHA: Build JTReg in single step
JDK-8343100	Excluded: non-bug type 'Enhancement'	[JDK-8343100] Consolidate EmptyFolderTest and EmptyFolderPackageTest jpackage tests into single java file
JDK-8343101	Excluded: non-bug type 'Enhancement'	[JDK-8343101] Rework BasicTest.testTemp test cases
JDK-8343128	Excluded: documentation/test-only change	[JDK-8343128] PassFailJFrame.java test result: Error. Bad action for script: build}
JDK-8343129	Excluded: non-Windows platform(s): linux	[JDK-8343129] Disable unstable check of ThreadsListHandle.sanity_vm ThreadList values
JDK-8343149	Excluded: non-Windows platform(s): aix	[JDK-8343149] Cleanup os::print_tos_pc on AIX
JDK-8343178	Excluded: documentation/test-only change	[JDK-8343178] Test BasicTest.java javac compile fails cannot find symbol
JDK-8343205	Excluded: performance-only change	[JDK-8343205] CompileBroker::possibly_add_compiler_threads excessively polls available memory
JDK-8343314	Excluded: non-bug type 'Enhancement'	[JDK-8343314] Move common properties from jpackage jtreg test declarations to TEST.properties file
JDK-8343343	Excluded: JVM stability/crash fix	[JDK-8343343] Misc crash dump improvements on more platforms after JDK-8294160
JDK-8294160	Excluded: non-bug type 'Enhancement'	[JDK-8294160] misc crash dump improvements
JDK-8343396	Excluded: non-bug type 'Enhancement'	[JDK-8343396] Use OperatingSystem, Architecture, and OSVersion in jpackage tests
JDK-8343491	Excluded: documentation/test-only change	[JDK-8343491] javax/management/remote/mandatory/connection/DeadLockTest.java failing with NoSuchObjectException: no such object in table
JDK-8343599	Excluded: JVM stability/crash fix	[JDK-8343599] Kmem limit and max values swapped when printing container information
JDK-8343882	Excluded: documentation/test-only change	[JDK-8343882] BasicAnnoTests doesn't handle multiple annotations at the same position
JDK-8344275	Excluded: documentation/test-only change	[JDK-8344275] tools/jpackage/windows/Win8301247Test.java fails on localized Windows platform
JDK-8344326	Excluded: non-bug type 'Enhancement'	[JDK-8344326] Move jpackage tests from "jdk.jpackage.tests" package to the default package
JDK-8344581	Excluded: documentation/test-only change	[JDK-8344581] [TESTBUG] java/awt/Robot/ScreenCaptureRobotTest.java failing on macOS
JDK-8344589	Excluded: non-bug type 'Enhancement'	[JDK-8344589] Update IANA Language Subtag Registry to Version 2024-11-19
JDK-8345296	Excluded: JVM stability/crash fix	[JDK-8345296] AArch64: VM crashes with SIGILL when prctl is disallowed
JDK-8345370	Excluded: non-bug type 'Enhancement'	[JDK-8345370] Bump update version for OpenJDK: jdk-21.0.7
JDK-8345468	Excluded: non-Windows platform(s): linux	[JDK-8345468] test/jdk/javax/swing/JScrollBar/4865918/bug4865918.java fails in ubuntu22.04
JDK-8345569	Excluded: non-Windows platform(s): os_x	[JDK-8345569] [ubsan] adjustments to filemap.cpp and virtualspace.cpp for macOS aarch64
JDK-8345614	Excluded: non-bug type 'Enhancement'	[JDK-8345614] Improve AnnotationFormatError message for duplicate annotation interfaces
JDK-8345676	Excluded: documentation/test-only change	[JDK-8345676] [ubsan] ProcessImpl_md.c:561:40: runtime error: applying zero offset to null pointer on macOS aarch64
JDK-8345684	Excluded: non-Windows platform(s): linux	[JDK-8345684] OperatingSystemMXBean.getSystemCpuLoad() throws NPE
JDK-8345750	Excluded: documentation/test-only change	[JDK-8345750] Shenandoah: Test TestJcmdHeapDump.java#aggressive intermittent assert(gc_cause() == GCCause::_no_gc) failed: Over-writing cause
JDK-8346055	Excluded: non-Windows platform(s): linux	[JDK-8346055] javax/swing/text/StyledEditorKit/4506788/bug4506788.java fails in ubuntu22.04
JDK-8346108	Excluded: documentation/test-only change	[JDK-8346108] [21u][BACKOUT] 8337994: [REDO] Native memory leak when not recording any events
JDK-8346324	Excluded: documentation/test-only change	[JDK-8346324] javax/swing/JScrollBar/4865918/bug4865918.java fails in CI
JDK-8346587	Excluded: non-bug type 'Enhancement'	[JDK-8346587] Distrust TLS server certificates anchored by Camerfirma Root CAs
JDK-8346671	Excluded: documentation/test-only change	[JDK-8346671] java/nio/file/Files/probeContentType/Basic.java fails on Windows 2025
JDK-8346713	Excluded: documentation/test-only change	[JDK-8346713] [testsuite] NeverActAsServerClassMachine breaks TestPLABAdaptToMinTLABSize.java TestPinnedHumongousFragmentation.java TestPinnedObjectContents.java
JDK-8346828	Excluded: documentation/test-only change	[JDK-8346828] javax/swing/JScrollBar/4865918/bug4865918.java still fails in CI
JDK-8346847	Excluded: non-Windows platform(s): linux	[JDK-8346847] [s390x] minimal build failure
JDK-8346880	Excluded: performance-only change	[JDK-8346880] [aix] java/lang/ProcessHandle/InfoTest.java still fails: "reported cputime less than expected"
JDK-8346881	Excluded: documentation/test-only change	[JDK-8346881] [ubsan] logSelection.cpp:154:24  / logSelectionList.cpp:72:94 : runtime error: applying non-zero offset 1 to null pointer
JDK-8346887	Excluded: JVM stability/crash fix	[JDK-8346887] DrawFocusRect() may cause an assertion failure
JDK-8346972	Excluded: documentation/test-only change	[JDK-8346972] Test java/nio/channels/FileChannel/LoopingTruncate.java fails sometimes with IOException: There is not enough space on the disk
JDK-8347038	Excluded: documentation/test-only change	[JDK-8347038] [JMH] jdk.incubator.vector.SpiltReplicate fails NoClassDefFoundError
JDK-8347129	Excluded: non-Windows platform(s): linux	[JDK-8347129] cpuset cgroups controller is required for no good reason
JDK-8347171	Excluded: documentation/test-only change	[JDK-8347171] (dc) java/nio/channels/DatagramChannel/InterruptibleOrNot.java fails with virtual thread factory
JDK-8347256	Excluded: non-bug type 'Enhancement'	[JDK-8347256] Epsilon: Demote heap size and AlwaysPreTouch warnings to info level
JDK-8347267	Excluded: non-Windows platform(s): os_x	[JDK-8347267] [macOS]: UnixOperatingSystem.c:67:40: runtime error: division by zero
JDK-8347268	Excluded: non-Windows platform(s): os_x	[JDK-8347268] [ubsan] logOutput.cpp:357:21: runtime error: applying non-zero offset 1 to null pointer
JDK-8347740	Excluded: documentation/test-only change	[JDK-8347740] java/io/File/createTempFile/SpecialTempFile.java failing
JDK-8347965	Excluded: non-bug type 'Enhancement'	[JDK-8347965] (tz) Update Timezone Data to 2025a
JDK-8348562	Excluded: JVM stability/crash fix	[JDK-8348562] ZGC: segmentation fault due to missing node type check in barrier elision analysis
JDK-8185862	Excluded: JVM stability/crash fix	[JDK-8185862] AWT Assertion Failure in ::GetDIBits(hBMDC, hBM, 0, 1, 0, gpBitmapInfo, 0) 'awt_Win32GraphicsDevice.cpp', at line 185
JDK-8348675	Excluded: documentation/test-only change	[JDK-8348675] TrayIcon tests fail in Ubuntu 24.10 Wayland
JDK-8349039	Excluded: non-bug type 'Enhancement'	[JDK-8349039] Adjust exception No type named <ThreadType> in database
JDK-8349729	Excluded: documentation/test-only change	[JDK-8349729] [21u] AIX jtreg tests fail to compile with qvisibility=hidden
JDK-8353904	Excluded: meta change (version bump/designator)	[JDK-8353904] [21u] Remove designator DEFAULT_PROMOTED_VERSION_PRE=ea for release 21.0.7
JDK-8051591	Excluded: documentation/test-only change	[JDK-8051591] Test javax/swing/JTabbedPane/8007563/Test8007563.java fails
JDK-8183348	Excluded: documentation/test-only change	[JDK-8183348] Better cleanup for jdk/test/sun/security/pkcs12/P12SecretKey.java
JDK-8202100	Excluded: non-bug type 'Enhancement'	[JDK-8202100] Merge vm/share/InMemoryJavaCompiler w/ jdk/test/lib/compiler/InMemoryJavaCompiler
JDK-8220213	Excluded: documentation/test-only change	[JDK-8220213] com/sun/jndi/dns/ConfigTests/Timeout.java failed intermittent
JDK-8249831	Excluded: documentation/test-only change	[JDK-8249831] Test sun/security/mscapi/nonUniqueAliases/NonUniqueAliases.java is marked with @ignore
JDK-8253440	Excluded: documentation/test-only change	[JDK-8253440] serviceability/sa/TestJhsdbJstackLineNumbers.java failed with "Didn't find enough line numbers"
JDK-8256211	Excluded: documentation/test-only change	[JDK-8256211] assert fired in java/net/httpclient/DependentPromiseActionsTest (infrequent)
JDK-8279016	Excluded: non-bug type 'Enhancement'	[JDK-8279016] JFR Leak Profiler is broken with Shenandoah
JDK-8280991	Excluded: non-Windows platform(s): linux	[JDK-8280991] [XWayland] No displayChanged event after setDisplayMode call
JDK-8281511	Excluded: documentation/test-only change	[JDK-8281511] java/net/ipv6tests/UdpTest.java fails with checkTime failed
JDK-8282726	Excluded: JVM stability/crash fix	[JDK-8282726] java/net/vthread/BlockingSocketOps.java timeout/hang intermittently on Windows
JDK-8286204	Excluded: non-Windows platform(s): os_x	[JDK-8286204] [Accessibility,macOS,VoiceOver] VoiceOver reads the spinner value 10 as 1 when user iterates to 10 for the first time on macOS
JDK-8286875	Excluded: JVM stability/crash fix	[JDK-8286875] ProgrammableUpcallHandler::on_entry/on_exit access thread fields from native
JDK-8294155	Excluded: JVM stability/crash fix	[JDK-8294155] Exception thrown before awaitAndCheck hangs PassFailJFrame
JDK-8295804	Excluded: documentation/test-only change	[JDK-8295804] javax/swing/JFileChooser/JFileChooserSetLocationTest.java failed with "setLocation() is not working properly"
JDK-8297692	Excluded: non-bug type 'Enhancement'	[JDK-8297692] Avoid sending per-region GCPhaseParallel JFR events in G1ScanCollectionSetRegionClosure
JDK-8303770	Excluded: non-bug type 'Task'	[JDK-8303770] Remove Baltimore root certificate expiring in May 2025
JDK-8305010	Excluded: JVM stability/crash fix	[JDK-8305010] Test vmTestbase/nsk/jvmti/scenarios/sampling/SP05/sp05t003/TestDescription.java timed out: thread not suspended
JDK-8307824	Excluded: non-bug type 'Enhancement'	[JDK-8307824] Clean up Finalizable.java and finalize terminology in vmTestbase/nsk/share
JDK-8308966	Excluded: non-bug type 'Enhancement'	[JDK-8308966] Add intrinsic for float/double modulo for x86 AVX2 and AVX512
JDK-8309841	Excluded: non-bug type 'Enhancement'	[JDK-8309841] Jarsigner should print a warning if an entry is removed
JDK-8309978	Excluded: non-bug type 'Enhancement'	[JDK-8309978] [x64] Fix useless padding
JDK-8310066	Excluded: non-bug type 'Enhancement'	[JDK-8310066] Improve test coverage for JVMTI GetThreadState on carrier and mounted vthread
JDK-8310525	Excluded: non-bug type 'Enhancement'	[JDK-8310525] DynamicLauncher for JDP test needs to try harder to find a free port
JDK-8313430	Excluded: documentation/test-only change	[JDK-8313430] [JVMCI] fatal error: Never compilable: in JVMCI shutdown
JDK-8314056	Excluded: non-bug type 'Enhancement'	[JDK-8314056] Remove runtime platform check from frem/drem
JDK-8314136	Excluded: documentation/test-only change	[JDK-8314136] Test java/net/httpclient/CancelRequestTest.java failed: WARNING: tracker for HttpClientImpl(42) has outstanding operations
JDK-8315128	Excluded: non-Windows platform(s): os_x	[JDK-8315128] jdk/jfr/event/runtime/TestResidentSetSizeEvent.java fails with "The size should be less than or equal to peak"
JDK-8315827	Excluded: non-Windows platform(s): linux	[JDK-8315827] Kitchensink.java and RenaissanceStressTest.java  time out with jvmti module errors
JDK-8316497	Excluded: documentation/test-only change	[JDK-8316497] ColorConvertOp - typo for non-ICC conversions needs one-line fix
JDK-8316580	Excluded: performance-only change	[JDK-8316580] HttpClient with StructuredTaskScope does not close when a task fails
JDK-8318509	Excluded: JVM stability/crash fix	[JDK-8318509] x86 count_positives intrinsic broken for -XX:AVX3Threshold=0
JDK-8318636	Excluded: non-bug type 'Enhancement'	[JDK-8318636] Add jcmd to print annotated process memory map
JDK-8318700	Excluded: documentation/test-only change	[JDK-8318700] MacOS Zero cannot run gtests due to wrong JVM path
JDK-8318915	Excluded: non-bug type 'Enhancement'	[JDK-8318915] Enhance checks in BigDecimal.toPlainString()
JDK-8319439	Excluded: non-bug type 'Enhancement'	[JDK-8319439] Move BufferNode from PtrQueue files to new files
JDK-8319690	Excluded: documentation/test-only change	[JDK-8319690] [AArch64] C2 compilation hits offset_ok_for_immed: assert "c2 compiler bug"
JDK-8320687	Excluded: documentation/test-only change	[JDK-8320687] sun.jvmstat.monitor.MonitoredHost.getMonitoredHost() throws unexpected exceptions when invoked concurrently
JDK-8321204	Excluded: documentation/test-only change	[JDK-8321204] C2: assert(false) failed: node should be in igvn hash table
JDK-8321479	Excluded: JVM stability/crash fix	[JDK-8321479] java -D-D crashes
JDK-8321931	Excluded: non-Windows platform(s): linux	[JDK-8321931] memory_swap_current_in_bytes reports 0 as "unlimited"
JDK-8322475	Excluded: non-bug type 'Enhancement'	[JDK-8322475] Extend printing for System.map
JDK-8323795	Excluded: non-bug type 'Enhancement'	[JDK-8323795] jcmd Compiler.codecache should print total size of code cache
JDK-8324345	Excluded: JVM stability/crash fix	[JDK-8324345] Stack overflow during C2 compilation when splitting memory phi
JDK-8324678	Excluded: non-bug type 'Enhancement'	[JDK-8324678] Replace NULL with nullptr in HotSpot gtests
JDK-8324681	Excluded: non-bug type 'Enhancement'	[JDK-8324681] Replace NULL with nullptr in HotSpot jtreg test native code files
JDK-8324799	Excluded: non-bug type 'Enhancement'	[JDK-8324799] Use correct extension for C++ test headers
JDK-8324880	Excluded: documentation/test-only change	[JDK-8324880] Rename get_stack_trace.h
JDK-8325055	Excluded: documentation/test-only change	[JDK-8325055] Rename Injector.h
JDK-8325180	Excluded: documentation/test-only change	[JDK-8325180] Rename jvmti_FollowRefObjects.h
JDK-8325347	Excluded: documentation/test-only change	[JDK-8325347] Rename native_thread.h
JDK-8325367	Excluded: documentation/test-only change	[JDK-8325367] Rename nsk_list.h
JDK-8325435	Excluded: non-Windows platform(s): os_x	[JDK-8325435] [macos] Menu or JPopupMenu not closed when main window is resized
JDK-8325456	Excluded: documentation/test-only change	[JDK-8325456] Rename nsk_mutex.h
JDK-8325458	Excluded: documentation/test-only change	[JDK-8325458] Rename mlvmJvmtiUtils.h
JDK-8325682	Excluded: documentation/test-only change	[JDK-8325682] Rename nsk_strace.h
JDK-8325910	Excluded: documentation/test-only change	[JDK-8325910] Rename jnihelper.h
JDK-8326090	Excluded: documentation/test-only change	[JDK-8326090] Rename jvmti_aod.h
JDK-8326389	Excluded: documentation/test-only change	[JDK-8326389] [test] improve assertEquals failure output
JDK-8326524	Excluded: documentation/test-only change	[JDK-8326524] Rename agent_common.h
JDK-8326586	Excluded: non-bug type 'Enhancement'	[JDK-8326586] Improve Speed of System.map
JDK-8327071	Excluded: non-Windows platform(s): linux	[JDK-8327071] [Testbug] g-tests for cgroup leave files in /tmp on linux
JDK-8327169	Excluded: documentation/test-only change	[JDK-8327169] serviceability/dcmd/vm/SystemMapTest.java and SystemDumpMapTest.java may fail after JDK-8326586
JDK-8327370	Excluded: non-Windows platform(s): os_x	[JDK-8327370] (ch) sun.nio.ch.Poller.register throws AssertionError
JDK-8328107	Excluded: documentation/test-only change	[JDK-8328107] Shenandoah/C2: TestVerifyLoopOptimizations test failure
JDK-8329261	Excluded: JVM stability/crash fix	[JDK-8329261] G1: interpreter post-barrier x86 code asserts index size of wrong buffer
JDK-8329729	Excluded: documentation/test-only change	[JDK-8329729] java/util/Properties/StoreReproducibilityTest.java times out
JDK-8330598	Excluded: documentation/test-only change	[JDK-8330598] java/net/httpclient/Http1ChunkedTest.java fails with java.util.MissingFormatArgumentException: Format specifier '%s'
JDK-8330936	Excluded: documentation/test-only change	[JDK-8330936] [ubsan] exclude function BilinearInterp and ShapeSINextSpan in libawt java2d from ubsan checks
JDK-8331735	Excluded: JVM stability/crash fix	[JDK-8331735] UpcallLinker::on_exit races with GC when copying frame anchor
JDK-8332252	Excluded: non-bug type 'Enhancement'	[JDK-8332252] Clean up vmTestbase/vm/share
JDK-8332506	Excluded: JVM stability/crash fix	[JDK-8332506] SIGFPE In ObjectSynchronizer::is_async_deflation_needed()
JDK-8332631	Excluded: non-bug type 'Enhancement'	[JDK-8332631] Update nsk.share.jpda.BindServer to don't use finalization
JDK-8332641	Excluded: non-bug type 'Enhancement'	[JDK-8332641] Update nsk.share.jpda.Jdb to don't use finalization
JDK-8332921	Excluded: non-Windows platform(s): linux	[JDK-8332921] Ctrl+C does not call shutdown hooks after JLine upgrade
JDK-8333013	Excluded: non-bug type 'Enhancement'	[JDK-8333013] Update vmTestbase/nsk/share/LocalProcess.java to don't use finalization
JDK-8333117	Excluded: non-bug type 'Enhancement'	[JDK-8333117] Remove support of remote and manual debuggee launchers
JDK-8333805	Excluded: JVM stability/crash fix	[JDK-8333805] Replaying compilation with null static final fields results in a crash
JDK-8333890	Excluded: JVM stability/crash fix	[JDK-8333890] Fatal error in auto-vectorizer with float16 kernel.
JDK-8334644	Excluded: documentation/test-only change	[JDK-8334644] Automate javax/print/attribute/PageRangesException.java
JDK-8334780	Excluded: documentation/test-only change	[JDK-8334780] Crash: assert(h_array_list.not_null()) failed: invariant
JDK-8334895	Excluded: non-Windows platform(s): linux	[JDK-8334895] OpenJDK fails to configure on linux aarch64 when CDS is disabled after JDK-8331942
JDK-8331942	Excluded: non-bug type 'Enhancement'	[JDK-8331942] On Linux aarch64, CDS archives should be using 64K alignment by default
JDK-8335643	Excluded: non-Windows platform(s): linux	[JDK-8335643] serviceability/dcmd/vm tests fail for ZGC after JDK-8322475
JDK-8335662	Excluded: JVM stability/crash fix	[JDK-8335662] [AArch64] C1: guarantee(val < (1ULL << nbits)) failed: Field too big for insn
JDK-8335710	Excluded: documentation/test-only change	[JDK-8335710] serviceability/dcmd/vm/SystemDumpMapTest.java and SystemMapTest.java fail on Linux Alpine after 8322475
JDK-8335836	Excluded: documentation/test-only change	[JDK-8335836] serviceability/jvmti/StartPhase/AllowedFunctions/AllowedFunctions.java fails with unexpected exit code: 112
JDK-8336042	Excluded: performance-only change	[JDK-8336042] Caller/callee param size mismatch in deoptimization causes crash
JDK-8336587	Excluded: JVM stability/crash fix	[JDK-8336587] failure_handler lldb command times out on macosx-aarch64 core file
JDK-8337221	Excluded: non-bug type 'Enhancement'	[JDK-8337221] CompileFramework: test library to conveniently compile java and jasm sources for fuzzing
JDK-8337299	Excluded: documentation/test-only change	[JDK-8337299] vmTestbase/nsk/jdb/stop_at/stop_at002/stop_at002.java failure goes undetected
JDK-8337681	Excluded: performance-only change	[JDK-8337681] PNGImageWriter uses much more memory than necessary
JDK-8337981	Excluded: non-bug type 'Enhancement'	[JDK-8337981] ShenandoahHeap::is_in should check for alive regions
JDK-8337998	Excluded: JVM stability/crash fix	[JDK-8337998] CompletionFailure in getEnclosingType attaching type annotations
JDK-8338010	Excluded: performance-only change	[JDK-8338010] WB_IsFrameDeoptimized miss ResourceMark
JDK-8338136	Excluded: non-bug type 'Enhancement'	[JDK-8338136] Hotspot should support multiple large page sizes on Windows
JDK-8338154	Excluded: non-bug type 'Enhancement'	[JDK-8338154] Fix -Wzero-as-null-pointer-constant warnings in gtest framework
JDK-8338202	Excluded: non-bug type 'Enhancement'	[JDK-8338202] Shenandoah: Improve handshake closure labels
JDK-8338314	Excluded: non-bug type 'Enhancement'	[JDK-8338314] JFR: Split JFRCheckpoint VM operation
JDK-8339148	Excluded: non-bug type 'Enhancement'	[JDK-8339148] Make os::Linux::active_processor_count() public
JDK-8339288	Excluded: documentation/test-only change	[JDK-8339288] Improve diagnostic logging runtime/cds/DeterministicDump.java
JDK-8339678	Excluded: non-bug type 'Enhancement'	[JDK-8339678] Update runtime/condy tests to be executed with VM flags
JDK-8339769	Excluded: JVM stability/crash fix	[JDK-8339769] Incorrect error message during startup if working directory does not exist
JDK-8340024	Excluded: non-bug type 'Enhancement'	[JDK-8340024] In ClassReader, extract a constant for the superclass supertype_index
JDK-8340176	Excluded: documentation/test-only change	[JDK-8340176] Replace usage of -noclassgc with -Xnoclassgc in test/jdk/java/lang/management/MemoryMXBean/LowMemoryTest2.java
JDK-8341535	Excluded: documentation/test-only change	[JDK-8341535] sun/awt/font/TestDevTransform.java fails with RuntimeException: Different rendering
JDK-8341637	Excluded: documentation/test-only change	[JDK-8341637] java/net/Socket/UdpSocket.java fails with "java.net.BindException: Address already in use" (macos-aarch64)
JDK-8342633	Excluded: documentation/test-only change	[JDK-8342633] javax/management/security/HashedPasswordFileTest.java creates tmp file in src dir
JDK-8342958	Excluded: non-bug type 'Enhancement'	[JDK-8342958] Use jvmArgs consistently in microbenchmarks
JDK-8343037	Excluded: documentation/test-only change	[JDK-8343037] Missing @since tag on JColorChooser.showDialog overload
JDK-8343124	Excluded: documentation/test-only change	[JDK-8343124] Tests fails with java.lang.IllegalAccessException: class com.sun.javatest.regtest.agent.MainWrapper$MainTask cannot access
JDK-8343224	Excluded: documentation/test-only change	[JDK-8343224] print/Dialog/PaperSizeError.java fails with MediaSizeName is not A4: A4
JDK-8343342	Excluded: documentation/test-only change	[JDK-8343342] java/io/File/GetXSpace.java fails on Windows with CD-ROM drive
JDK-8343345	Excluded: non-bug type 'Enhancement'	[JDK-8343345] Use -jvmArgsPrepend when running microbenchmarks in RunTests.gmk
JDK-8343529	Excluded: JVM stability/crash fix	[JDK-8343529] serviceability/sa/ClhsdbWhere.java fails AssertionFailure: Corrupted constant pool
JDK-8343891	Excluded: documentation/test-only change	[JDK-8343891] Test javax/swing/JTabbedPane/TestJTabbedPaneBackgroundColor.java failed
JDK-8344316	Excluded: documentation/test-only change	[JDK-8344316] security/auth/callback/TextCallbackHandler/Password.java make runnable with JTReg and add the UI
JDK-8344346	Excluded: documentation/test-only change	[JDK-8344346] java/net/httpclient/ShutdownNow.java fails with java.lang.AssertionError: client was still running, but exited after further delay: timeout should be adjusted
JDK-8345133	Excluded: documentation/test-only change	[JDK-8345133] Test sun/security/tools/jarsigner/TsacertOptionTest.java failed: Warning found in stdout
JDK-8345146	Excluded: non-bug type 'Enhancement'	[JDK-8345146] [PPC64] Make intrinsic conversions between bit representations of half precision values and floats
JDK-8345357	Excluded: documentation/test-only change	[JDK-8345357] test/jdk/javax/swing/JRadioButton/8033699/bug8033699.java fails in ubuntu22.04
JDK-8345447	Excluded: non-Windows platform(s): linux	[JDK-8345447] test/jdk/javax/swing/JToolBar/4529206/bug4529206.java fails in ubuntu22.04
JDK-8345547	Excluded: non-Windows platform(s): linux	[JDK-8345547] test/jdk/javax/swing/text/DefaultEditorKit/4278839/bug4278839.java fails in ubuntu22.04
JDK-8345728	Excluded: non-Windows platform(s): os_x	[JDK-8345728] [Accessibility,macOS,Screen Magnifier]: JCheckbox unchecked state does not magnify but works for checked state
JDK-8346082	Excluded: non-bug type 'Enhancement'	[JDK-8346082] Output JVMTI agent information in hserr files
JDK-8346264	Excluded: non-bug type 'Enhancement'	[JDK-8346264] "Total compile time" counter should include time spent in failing/bailout compiles
JDK-8346581	Excluded: documentation/test-only change	[JDK-8346581] JRadioButton/ButtonGroupFocusTest.java fails in CI on Linux
JDK-8346888	Excluded: documentation/test-only change	[JDK-8346888] [ubsan] block.cpp:1617:30: runtime error: 9.97582e+36 is outside the range of representable values of type 'int'
JDK-8347000	Excluded: documentation/test-only change	[JDK-8347000] Bug in com/sun/net/httpserver/bugs/B6361557.java test
JDK-8347019	Excluded: documentation/test-only change	[JDK-8347019] Test javax/swing/JRadioButton/8033699/bug8033699.java  still fails:  Focus is not on Radio Button Single as Expected
JDK-8347126	Excluded: documentation/test-only change	[JDK-8347126] gc/stress/TestStressG1Uncommit.java gets OOM-killed
JDK-8347173	Excluded: documentation/test-only change	[JDK-8347173] java/net/DatagramSocket/InterruptibleDatagramSocket.java fails with virtual thread factory
JDK-8347286	Excluded: non-bug type 'Enhancement'	[JDK-8347286] (fs) Remove some extensions from java/nio/file/Files/probeContentType/Basic.java
JDK-8347629	Excluded: documentation/test-only change	[JDK-8347629] Test FailOverDirectExecutionControlTest.java fails with -Xcomp
JDK-8348323	Excluded: JVM stability/crash fix	[JDK-8348323] Corrupted timezone string in JVM crash log
JDK-8349492	Excluded: non-bug type 'Enhancement'	[JDK-8349492] Update sun/security/pkcs12/KeytoolOpensslInteropTest.java to use a recent Openssl version
JDK-8349623	Excluded: non-Windows platform(s): linux	[JDK-8349623] [ASAN] Gtest os_linux.glibc_mallinfo_wrapper_vm fails
JDK-8350201	Excluded: documentation/test-only change	[JDK-8350201] Out of bounds access on Linux aarch64 in os::print_register_info
JDK-8350211	Excluded: non-bug type 'Enhancement'	[JDK-8350211] CTW: Attempt to preload all classes in constant pool
JDK-8350224	Excluded: non-Windows platform(s): linux	[JDK-8350224] Test javax/swing/JComboBox/TestComboBoxComponentRendering.java fails in ubuntu 23.x and later
JDK-8350313	Excluded: non-bug type 'Enhancement'	[JDK-8350313] Include timings for leaving safepoint in safepoint logging
JDK-8350383	Excluded: non-bug type 'Enhancement'	[JDK-8350383] Test: add more test case for string compare (UL case)
JDK-8350386	Excluded: non-Windows platform(s): linux	[JDK-8350386] Test TestCodeCacheFull.java fails with option -XX:-UseCodeCacheFlushing
JDK-8350483	Excluded: non-bug type 'Enhancement'	[JDK-8350483] AArch64: turn on signum intrinsics by default on Ampere CPUs
JDK-8350498	Excluded: non-bug type 'Enhancement'	[JDK-8350498] Remove two Camerfirma root CA certificates
JDK-8350546	Excluded: non-Windows platform(s): linux	[JDK-8350546] Several java/net/InetAddress tests fails UnknownHostException
JDK-8350616	Excluded: non-bug type 'Enhancement'	[JDK-8350616] Skip ValidateHazardPtrsClosure in non-debug builds
JDK-8350650	Excluded: non-bug type 'Enhancement'	[JDK-8350650] Bump update version for OpenJDK: jdk-21.0.8
JDK-8350682	Excluded: non-bug type 'Enhancement'	[JDK-8350682] [JMH] vector.IndexInRangeBenchmark failed with IndexOutOfBoundsException for size=1024
JDK-8350786	Excluded: documentation/test-only change	[JDK-8350786] Some java/lang jtreg tests miss requires vm.hasJFR
JDK-8350924	Excluded: non-Windows platform(s): linux_ubuntu	[JDK-8350924] javax/swing/JMenu/4213634/bug4213634.java fails
JDK-8351086	Excluded: non-Windows platform(s): linux	[JDK-8351086] (fc) Make java/nio/channels/FileChannel/BlockDeviceSize.java test manual
JDK-8351500	Excluded: JVM stability/crash fix	[JDK-8351500] G1: NUMA migrations cause crashes in region allocation
JDK-8351665	Excluded: non-bug type 'Enhancement'	[JDK-8351665] Remove unused UseNUMA in os_aix.cpp
JDK-8352109	Excluded: documentation/test-only change	[JDK-8352109] java/awt/Desktop/MailTest.java fails in platforms where Action.MAIL is not supported
JDK-8352302	Excluded: documentation/test-only change	[JDK-8352302] Test sun/security/tools/jarsigner/TimestampCheck.java is failing
JDK-8352716	Excluded: non-bug type 'Enhancement'	[JDK-8352716] (tz) Update Timezone Data to 2025b
JDK-8352942	Excluded: documentation/test-only change	[JDK-8352942] jdk/jfr/startupargs/TestMemoryOptions.java fails with 32-bit build
JDK-8353190	Excluded: non-bug type 'Enhancement'	[JDK-8353190] Use "/native" Run Option for TestAvailableProcessors Execution
JDK-8353237	Excluded: non-Windows platform(s): linux	[JDK-8353237] [AArch64] Incorrect result of VectorizedHashCode intrinsic on Cortex-A53
JDK-8353787	Excluded: performance-only change	[JDK-8353787] Increased number of SHA-384-Digest java.util.jar.Attributes$Name instances leading to higher memory footprint
JDK-8354530	Excluded: non-Windows platform(s): aix	[JDK-8354530] AIX: sporadic unexpected errno when calling setsockopt in Net.joinOrDrop
JDK-8354802	Excluded: non-Windows platform(s): linux	[JDK-8354802] MAX_SECS definition is unused in os_linux
JDK-8354893	Excluded: JVM stability/crash fix	[JDK-8354893] [REDO BACKPORT] javac crashes while adding type annotations to the return type of a constructor (JDK-8320001)
JDK-8320001	Excluded: JVM stability/crash fix	[JDK-8320001] javac crashes while adding type annotations to the return type of a constructor
JDK-8356053	Excluded: non-Windows platform(s): os_x	[JDK-8356053] Test java/awt/Toolkit/Headless/HeadlessToolkit.java fails by timeout
JDK-8356571	Excluded: non-Windows platform(s): linux	[JDK-8356571] Re-enable -Wtype-limits for GCC in LCMS
JDK-8357105	Excluded: performance-only change	[JDK-8357105] C2: compilation fails with "assert(false) failed: empty program detected during loop optimization"
JDK-8359170	Excluded: non-bug type 'Enhancement'	[JDK-8359170] Add 2 TLS and 2 CS Sectigo roots
JDK-8360406	Excluded: JVM stability/crash fix	[JDK-8360406] [21u] Disable logic for attaching type annotations to class files until 8359336 is fixed
JDK-8361672	Excluded: meta change (version bump/designator)	[JDK-8361672] [21u] Remove designator DEFAULT_PROMOTED_VERSION_PRE=ea for release 21.0.8
